|hello
|
|===================================
|hello
|
|===================================
|hello
|
|===================================
|Linux Quickscan 0.1
|
|===================================
|hello
|
bla
|===================================
|Linux Quickscan 0.1
|

|===================================
|hello
|

|===================================
|Linux Quickscan 0.1
|

|===================================
|hello
|

|===================================
|Linux Quickscan 0.1
|

|===================================
|hello
|


|===================================
|Linux Quickscan 0.1
|


|===================================
|hello
|


|===================================
|Linux Quickscan 0.1
|


|===================================
|KERNEL / DISTRO VERSIONS
|


|===================================
|ENVIRONMENT VARIABLES
|


|===================================
|Linux Quickscan 0.1
|


|===================================
|KERNEL / DISTRO VERSIONS
|


|===================================
|ENVIRONMENT VARIABLES
|


|===================================
|INTERNET
|


|===================================
|Linux Quickscan 0.1
|


|===================================
|KERNEL / DISTRO VERSIONS
|


|===================================
|ENVIRONMENT VARIABLES
|


|===================================
|INTERNET
|


|===================================
|Linux Quickscan 0.1
|


|===================================
|KERNEL / DISTRO VERSIONS
|


|===================================
|ENVIRONMENT VARIABLES
|


|===================================
|INTERNET
|

